<?xml version="1.0" encoding="UTF-8"?>
<!-- Generated by org.testng.reporters.JUnitXMLReporter -->
<testsuite hostname="DineshReddy" ignored="0" name="BankingApp Test" tests="5" failures="3" timestamp="12 May 2020 17:05:38 GMT" time="49.138" errors="0">
  <testcase name="loginTest" time="2.748" classname="com.banking.TestCases.LoginTest_001"/>
  <testcase name="loginTestDDT" time="11.077" classname="com.banking.TestCases.LoginTest_002"/>
  <testcase name="loginTestDDT" time="6.434" classname="com.banking.TestCases.LoginTest_002">
    <failure type="java.lang.AssertionError" message="expected [true] but found [false]">
      <![CDATA[java.lang.AssertionError: expected [true] but found [false]
at com.banking.TestCases.LoginTest_002.loginTestDDT(LoginTest_002.java:25)
... Removed 29 stack frames]]>
    </failure>
  </testcase> <!-- loginTestDDT -->
  <testcase name="loginTestDDT" time="6.196" classname="com.banking.TestCases.LoginTest_002">
    <failure type="java.lang.AssertionError" message="expected [true] but found [false]">
      <![CDATA[java.lang.AssertionError: expected [true] but found [false]
at com.banking.TestCases.LoginTest_002.loginTestDDT(LoginTest_002.java:25)
... Removed 29 stack frames]]>
    </failure>
  </testcase> <!-- loginTestDDT -->
  <testcase name="loginTestDDT" time="0.038" classname="com.banking.TestCases.LoginTest_002">
    <failure type="java.lang.IllegalArgumentException" message="Keys to send should be a not null CharSequence">
      <![CDATA[java.lang.IllegalArgumentException: Keys to send should be a not null CharSequence
at org.openqa.selenium.remote.RemoteWebElement.sendKeys(RemoteWebElement.java:97)
at org.openqa.selenium.support.pagefactory.internal.LocatingElementHandler.invoke(LocatingElementHandler.java:51)
at com.sun.proxy.$Proxy11.sendKeys(Unknown Source)
at com.banking.PageObjects.LoginPage.setUsername(LoginPage.java:30)
at com.banking.TestCases.LoginTest_002.loginTestDDT(LoginTest_002.java:15)
... Removed 29 stack frames]]>
    </failure>
  </testcase> <!-- loginTestDDT -->
</testsuite> <!-- BankingApp Test -->
